[debug] [2023-05-29T15:31:57.354Z] ----------------------------------------------------------------------
[debug] [2023-05-29T15:31:57.359Z] Command:       D:\06.03.2022\Downloads\node.exe C:\Users\Admin\AppData\Roaming\npm\node_modules\firebase-tools\lib\bin\firebase.js init
[debug] [2023-05-29T15:31:57.361Z] CLI Version:   11.21.0
[debug] [2023-05-29T15:31:57.361Z] Platform:      win32
[debug] [2023-05-29T15:31:57.361Z] Node Version:  v16.13.2
[debug] [2023-05-29T15:31:57.567Z] Time:          Mon May 29 2023 21:31:57 GMT+0600 (East Kazakhstan Time)
[debug] [2023-05-29T15:31:57.569Z] ----------------------------------------------------------------------
[debug] 
[debug] [2023-05-29T15:31:57.851Z] > command requires scopes: ["email","openid","https://www.googleapis.com/auth/cloudplatformprojects.readonly","https://www.googleapis.com/auth/firebase","https://www.googleapis.com/auth/cloud-platform"]
[debug] [2023-05-29T15:31:57.852Z] > authorizing via signed-in user (rafidulislam3549@gmail.com)
[info] 
     ######## #### ########  ######## ########     ###     ######  ########
     ##        ##  ##     ## ##       ##     ##  ##   ##  ##       ##
     ######    ##  ########  ######   ########  #########  ######  ######
     ##        ##  ##    ##  ##       ##     ## ##     ##       ## ##
     ##       #### ##     ## ######## ########  ##     ##  ######  ########

You're about to initialize a Firebase project in this directory:

  D:\projectFolder\react\dragon-news

Before we get started, keep in mind:

  * You are initializing within an existing Firebase project directory

